<?xml version="1.0" encoding="UTF-8"?>
<!-- Generated by org.testng.reporters.JUnitReportReporter -->
<testsuite hostname="DESKTOP-Q2MLV88" failures="0" tests="1" name="sr1.srproject2" time="14.680" errors="0" timestamp="2025-09-18T18:13:42 IST" skipped="0">
  <testcase classname="sr1.srproject2" name="ValidateSrproject2" time="14.680"/>
</testsuite> <!-- sr1.srproject2 -->
