<?xml version="1.0" encoding="UTF-8"?>
<!-- Generated by org.testng.reporters.JUnitReportReporter -->
<testsuite hostname="DESKTOP-Q2MLV88" failures="0" tests="1" name="sr1.srproject1" time="17.185" errors="0" timestamp="2025-09-18T18:13:42 IST" skipped="0">
  <testcase classname="sr1.srproject1" name="ValidateSrproject1" time="17.185"/>
</testsuite> <!-- sr1.srproject1 -->
